
| 名称    | 功能                   | OS        | 配置 | 内网IP地址   | 公网IP地址     | 用户名                      | 备注         |
|---------|------------------------|-----------|------|--------------|----------------|-----------------------------|--------------|
| ldap    | dns/wiki/ssp/ldap/idea | Centos7   | 2C4G | 192.168.1.2  | 192.168.30.2   | root                        |              |
| gitlab  | gitlab                 | Centos7   | 2C4G | 192.168.1.3  | 192.168.30.3   | root                        |              |
| jenkins | jenkins/dt             | Centos7   | 2C4G | 192.168.1.4  | 192.168.30.4   | root                        |              |
| jira    | jira                   | Centos7   | 2C4G | 192.168.1.5  | 192.168.30.5   | root                        |              |
| openvpn | openvpn                | Centos6.6 | 2C4G |              | 192.168.30.6   | root                        |              |
| nexus   | nexus                  | Centos7   | 2C4G | 192.168.1.7  | 192.168.30.7   | root                        |              |
| prtg    | prtg                   | Win7      | 4C8G |              | 192.168.30.8   | administrator               |              |
| zabbix  | zabbix                 | Centos7   | 2C4G |              | 192.168.30.9   | root                        |              |
| samba   | samba                  | Centos7   | 2C4G | 192.168.1.10 | 192.168.30.10  | root                        |              |
| svn     | svn                    |           |      | 192.168.1.11 | 192.168.30.11  | root                        |              |
| bakcup  | gitlab备份             | Centos7   |      | 192.168.1.12 | 192.168.30.12  | root                        |              |
| jumpserver  | jumpserver             | Centos7   |      | 192.168.1.13 | 192.168.30.13  | root                        |              |
|         | dell存储设备           |           |      |              | 192.168.30.16  |                             |              |
|         | dell存储设备           |           |      |              | 192.168.30.17  |                             |              |
|         | dell存储设备           |           |      |              | 192.168.30.18  |                             |              |
|         | dell存储设备           |           |      |              | 192.168.30.19  |                             |              |
| DSM     | DSM                    | Win2012   | 4C8G | 192.168.1.20 | 192.168.30.20  | administrator               | dell存储管理 |
| exsi    | exsi                   |           |      |              | 192.168.30.247 |                             | 负二楼       |
| exsi    | exsi                   |           |      |              | 192.168.30.248 |                             | 负二楼       |
| exsi    | exsi                   |           |      |              | 192.168.30.251 |                             | R540         |
| exsi    | exsi                   |           |      |              | 192.168.30.252 |                             |              |
| exsi    | exsi                   |           |      |              | 192.168.30.253 |                             |              |
| vc6.5   | vc6.5                  |           |      |              | 192.168.30.254 | administrator@vsphere.local |              |
| monitor1| monitor                |           |      | 192.168.30.32|                | admin                       |   Floor -2   |
| monitor2| monitor                |           |      | 192.168.30.33|                | admin                       |   Floor 17   |
| monitor3| monitor                |           |      | 192.168.30.34|                | admin                       |   Floor 17   |
